feature/players/shots/build/intermediates/manifest_merge_blame_file/debug/manifest-merger-blame-debug-report.txt
1<?xml version="1.0" encoding="utf-8"?>
2<manifest xmlns:android="http://schemas.android.com/apk/res/android"
3    package="com.nicholas.rutherford.track.your.shot.feature.players.shots" >
4
5    <uses-sdk android:minSdkVersion="26" />
5-->src/main/AndroidManifest.xml
6
7</manifest>